Logfile initialized
[INFO] logfile = /Users/carlo/Desktop/Titanium/AndroidWebViewElemGaps/build.log
[DEBUG] /Users/carlo/Library/Application Support/Titanium/mobilesdk/osx/2.1.4.GA/android/builder.py install AndroidWebViewElemGaps /SDK/Android /Users/carlo/Desktop/Titanium/AndroidWebViewElemGaps org.kaithe.titanium.webviewelemgaps 3
[INFO] Titanium SDK version: 2.1.4 (11/09/12 12:46 51f2c64)
[DEBUG] Waiting for device to be ready ...
[TRACE] adb devices returned 1 devices/emulators
[DEBUG] Device connected... (waited 0 seconds)
[DEBUG] waited 0.019756 seconds on emulator to get ready
[DEBUG] org.kaithe.titanium.webviewelemgaps installed? False
[INFO] Copying CommonJS modules...
[INFO] Copying project resources..
[TRACE] COPYING MODIFIED FILE: /Users/carlo/Desktop/Titanium/AndroidWebViewElemGaps/Resources/test.html => /Users/carlo/Desktop/Titanium/AndroidWebViewElemGaps/build/android/bin/assets/Resources/test.html
[INFO] Tiapp.xml unchanged, skipping class generation
[DEBUG] Processing Android resource drawables
[DEBUG] found special platform files dir = /Users/carlo/Desktop/Titanium/AndroidWebViewElemGaps/platform/android
[DEBUG] found drawable-long-land-hdpi splash screen at /Users/carlo/Desktop/Titanium/AndroidWebViewElemGaps/Resources/android/images/res-long-land-hdpi/default.png
[DEBUG] found drawable-long-land-ldpi splash screen at /Users/carlo/Desktop/Titanium/AndroidWebViewElemGaps/Resources/android/images/res-long-land-ldpi/default.png
[DEBUG] found drawable-long-port-hdpi splash screen at /Users/carlo/Desktop/Titanium/AndroidWebViewElemGaps/Resources/android/images/res-long-port-hdpi/default.png
[DEBUG] found drawable-long-port-ldpi splash screen at /Users/carlo/Desktop/Titanium/AndroidWebViewElemGaps/Resources/android/images/res-long-port-ldpi/default.png
[DEBUG] found drawable-notlong-land-hdpi splash screen at /Users/carlo/Desktop/Titanium/AndroidWebViewElemGaps/Resources/android/images/res-notlong-land-hdpi/default.png
[DEBUG] found drawable-notlong-land-ldpi splash screen at /Users/carlo/Desktop/Titanium/AndroidWebViewElemGaps/Resources/android/images/res-notlong-land-ldpi/default.png
[DEBUG] found drawable-notlong-land-mdpi splash screen at /Users/carlo/Desktop/Titanium/AndroidWebViewElemGaps/Resources/android/images/res-notlong-land-mdpi/default.png
[DEBUG] found drawable-notlong-port-hdpi splash screen at /Users/carlo/Desktop/Titanium/AndroidWebViewElemGaps/Resources/android/images/res-notlong-port-hdpi/default.png
[DEBUG] found drawable-notlong-port-ldpi splash screen at /Users/carlo/Desktop/Titanium/AndroidWebViewElemGaps/Resources/android/images/res-notlong-port-ldpi/default.png
[DEBUG] found drawable-notlong-port-mdpi splash screen at /Users/carlo/Desktop/Titanium/AndroidWebViewElemGaps/Resources/android/images/res-notlong-port-mdpi/default.png
[INFO] Detected custom ApplicationManifest.xml -- no Titanium version migration supported
[DEBUG] creating unsigned apk: /Users/carlo/Desktop/Titanium/AndroidWebViewElemGaps/build/android/bin/app-unsigned.apk
[DEBUG] from resource zip => assets/Resources/KS_nav_ui.png
[DEBUG] from resource zip => assets/Resources/KS_nav_views.png
[DEBUG] from resource zip => assets/Resources/app.js
[DEBUG] from resource zip => assets/Resources/appicon.png
[DEBUG] from resource zip => assets/Resources/default.png
[DEBUG] from resource zip => assets/Resources/test.html
[DEBUG] from resource zip => assets/app.json
[DEBUG] from resource zip => assets/index.json
[DEBUG] from resource zip => assets/tiapp.xml
[DEBUG] from resource zip => res/drawable/appicon.png
[DEBUG] from resource zip => res/drawable/background.png
[DEBUG] from resource zip => res/layout/titanium_tabgroup.xml
[DEBUG] from resource zip => AndroidManifest.xml
[DEBUG] from resource zip => resources.arsc
[DEBUG] from resource zip => res/drawable-long-land-hdpi/background.png
[DEBUG] from resource zip => res/drawable-long-land-ldpi/background.png
[DEBUG] from resource zip => res/drawable-long-port-hdpi/background.png
[DEBUG] from resource zip => res/drawable-long-port-ldpi/background.png
[DEBUG] from resource zip => res/drawable-notlong-land-hdpi/background.png
[DEBUG] from resource zip => res/drawable-notlong-land-ldpi/background.png
[DEBUG] from resource zip => res/drawable-notlong-land-mdpi/background.png
[DEBUG] from resource zip => res/drawable-notlong-port-hdpi/background.png
[DEBUG] from resource zip => res/drawable-notlong-port-ldpi/background.png
[DEBUG] from resource zip => res/drawable-notlong-port-mdpi/background.png
[DEBUG] from JAR /Users/carlo/Library/Application Support/Titanium/mobilesdk/osx/2.1.4.GA/android/modules/titanium-ui.jar => ti/modules/titanium/ui/widget/webview/binding.js
[DEBUG] from JAR /Users/carlo/Library/Application Support/Titanium/mobilesdk/osx/2.1.4.GA/android/modules/titanium-ui.jar => ti/modules/titanium/ui/widget/webview/binding.min.js
[DEBUG] from JAR /Users/carlo/Library/Application Support/Titanium/mobilesdk/osx/2.1.4.GA/android/modules/titanium-ui.jar => ti/modules/titanium/ui/widget/webview/json2.js
[DEBUG] from JAR /Users/carlo/Library/Application Support/Titanium/mobilesdk/osx/2.1.4.GA/android/modules/titanium-ui.jar => ti/modules/titanium/ui/widget/webview/polling.js
[DEBUG] from JAR /Users/carlo/Library/Application Support/Titanium/mobilesdk/osx/2.1.4.GA/android/modules/titanium-ui.jar => ti/modules/titanium/ui/widget/webview/polling.min.js
[DEBUG] from JAR /Users/carlo/Library/Application Support/Titanium/mobilesdk/osx/2.1.4.GA/android/titanium.jar => org/appcelerator/titanium/build.properties
[DEBUG] from JAR /Users/carlo/Library/Application Support/Titanium/mobilesdk/osx/2.1.4.GA/android/titanium.jar => org/appcelerator/titanium/res/drawable/background.png
[DEBUG] from JAR /Users/carlo/Library/Application Support/Titanium/mobilesdk/osx/2.1.4.GA/android/titanium.jar => org/appcelerator/titanium/res/drawable/btn_check_buttonless_on.png
[DEBUG] from JAR /Users/carlo/Library/Application Support/Titanium/mobilesdk/osx/2.1.4.GA/android/titanium.jar => org/appcelerator/titanium/res/drawable/btn_check_buttonless_on_18.png
[DEBUG] from JAR /Users/carlo/Library/Application Support/Titanium/mobilesdk/osx/2.1.4.GA/android/titanium.jar => org/appcelerator/titanium/res/drawable/btn_check_buttonless_on_48.png
[DEBUG] from JAR /Users/carlo/Library/Application Support/Titanium/mobilesdk/osx/2.1.4.GA/android/titanium.jar => org/appcelerator/titanium/res/drawable/btn_more.png
[DEBUG] from JAR /Users/carlo/Library/Application Support/Titanium/mobilesdk/osx/2.1.4.GA/android/titanium.jar => org/appcelerator/titanium/res/drawable/btn_more_18.png
[DEBUG] from JAR /Users/carlo/Library/Application Support/Titanium/mobilesdk/osx/2.1.4.GA/android/titanium.jar => org/appcelerator/titanium/res/drawable/btn_more_48.png
[DEBUG] from JAR /Users/carlo/Library/Application Support/Titanium/mobilesdk/osx/2.1.4.GA/android/titanium.jar => org/appcelerator/titanium/res/drawable/btn_picker_normal.9.png
[DEBUG] from JAR /Users/carlo/Library/Application Support/Titanium/mobilesdk/osx/2.1.4.GA/android/titanium.jar => org/appcelerator/titanium/res/drawable/btn_picker_pressed.9.png
[DEBUG] from JAR /Users/carlo/Library/Application Support/Titanium/mobilesdk/osx/2.1.4.GA/android/titanium.jar => org/appcelerator/titanium/res/drawable/btn_picker_selected.9.png
[DEBUG] from JAR /Users/carlo/Library/Application Support/Titanium/mobilesdk/osx/2.1.4.GA/android/titanium.jar => org/appcelerator/titanium/res/drawable/default_icon.png
[DEBUG] from JAR /Users/carlo/Library/Application Support/Titanium/mobilesdk/osx/2.1.4.GA/android/titanium.jar => org/appcelerator/titanium/res/drawable/photoDefault.png
[DEBUG] installing native SDK libs
[DEBUG] Waiting for device to be ready ...
[TRACE] adb devices returned 1 devices/emulators
[DEBUG] Device connected... (waited 0 seconds)
[DEBUG] waited 0.015034 seconds on emulator to get ready
[INFO] Installing application on device
[INFO] Application installed. Launch from drawer on Home Screen
