Logfile initialized
[INFO] logfile = /Users/carlo/workspace/titanium/MapsV2Sample/build.log
[DEBUG] /Users/carlo/Library/Application Support/Titanium/mobilesdk/osx/3.1.0.GA/android/builder.py install MapsV2Sample /Users/carlo/sdk/android/sdk /Users/carlo/workspace/titanium/MapsV2Sample org.kaithe.titanium.mapsv2sample 25
[INFO] plugin=/Users/carlo/Library/Application Support/Titanium/plugins/ti.alloy/1.0/plugin.py
[INFO] Detected compiler plugin: ti.alloy/1.0
[INFO] Titanium SDK version: 3.1.0 (04/15/13 18:45 57634ef)
[DEBUG] Waiting for device to be ready ...
[TRACE] adb devices returned 1 devices/emulators
[DEBUG] Device connected... (waited 0 seconds)
[DEBUG] waited 0.018179 seconds on emulator to get ready
[DEBUG] org.kaithe.titanium.mapsv2sample installed? False
[INFO] Copying CommonJS modules...
[INFO] Copying project resources..
[TRACE] COPYING MODIFIED FILE: /Users/carlo/workspace/titanium/MapsV2Sample/Resources/alloy/backbone.js => /Users/carlo/workspace/titanium/MapsV2Sample/build/android/bin/assets/Resources/alloy/backbone.js
[TRACE] COPYING MODIFIED FILE: /Users/carlo/workspace/titanium/MapsV2Sample/Resources/alloy/CFG.js => /Users/carlo/workspace/titanium/MapsV2Sample/build/android/bin/assets/Resources/alloy/CFG.js
[TRACE] COPYING MODIFIED FILE: /Users/carlo/workspace/titanium/MapsV2Sample/Resources/alloy/controllers/BaseController.js => /Users/carlo/workspace/titanium/MapsV2Sample/build/android/bin/assets/Resources/alloy/controllers/BaseController.js
[TRACE] COPYING MODIFIED FILE: /Users/carlo/workspace/titanium/MapsV2Sample/Resources/alloy/controllers/index.js => /Users/carlo/workspace/titanium/MapsV2Sample/build/android/bin/assets/Resources/alloy/controllers/index.js
[TRACE] COPYING MODIFIED FILE: /Users/carlo/workspace/titanium/MapsV2Sample/Resources/alloy/sync/localStorage.js => /Users/carlo/workspace/titanium/MapsV2Sample/build/android/bin/assets/Resources/alloy/sync/localStorage.js
[TRACE] COPYING MODIFIED FILE: /Users/carlo/workspace/titanium/MapsV2Sample/Resources/alloy/sync/properties.js => /Users/carlo/workspace/titanium/MapsV2Sample/build/android/bin/assets/Resources/alloy/sync/properties.js
[TRACE] COPYING MODIFIED FILE: /Users/carlo/workspace/titanium/MapsV2Sample/Resources/alloy/sync/sql.js => /Users/carlo/workspace/titanium/MapsV2Sample/build/android/bin/assets/Resources/alloy/sync/sql.js
[TRACE] COPYING MODIFIED FILE: /Users/carlo/workspace/titanium/MapsV2Sample/Resources/alloy/sync/util.js => /Users/carlo/workspace/titanium/MapsV2Sample/build/android/bin/assets/Resources/alloy/sync/util.js
[TRACE] COPYING MODIFIED FILE: /Users/carlo/workspace/titanium/MapsV2Sample/Resources/alloy/underscore.js => /Users/carlo/workspace/titanium/MapsV2Sample/build/android/bin/assets/Resources/alloy/underscore.js
[TRACE] COPYING MODIFIED FILE: /Users/carlo/workspace/titanium/MapsV2Sample/Resources/alloy/widget.js => /Users/carlo/workspace/titanium/MapsV2Sample/build/android/bin/assets/Resources/alloy/widget.js
[TRACE] COPYING MODIFIED FILE: /Users/carlo/workspace/titanium/MapsV2Sample/Resources/alloy.js => /Users/carlo/workspace/titanium/MapsV2Sample/build/android/bin/assets/Resources/alloy.js
[TRACE] COPYING MODIFIED FILE: /Users/carlo/workspace/titanium/MapsV2Sample/Resources/app.js => /Users/carlo/workspace/titanium/MapsV2Sample/build/android/bin/assets/Resources/app.js
[DEBUG] LiveView not enabled
[TRACE] Generating Java Classes
[DEBUG] Processing Android resource drawables
[DEBUG] copying app icon: /Users/carlo/workspace/titanium/MapsV2Sample/build/android/bin/assets/Resources/appicon.png
[DEBUG] generating theme.xml
[DEBUG] found drawable-long-land-hdpi splash screen at /Users/carlo/workspace/titanium/MapsV2Sample/Resources/android/images/res-long-land-hdpi/default.png
[DEBUG] copying /Users/carlo/workspace/titanium/MapsV2Sample/Resources/android/images/res-long-land-hdpi/default.png splash screen to /Users/carlo/workspace/titanium/MapsV2Sample/build/android/res/drawable-long-land-hdpi/background.png
[DEBUG] found drawable-long-land-ldpi splash screen at /Users/carlo/workspace/titanium/MapsV2Sample/Resources/android/images/res-long-land-ldpi/default.png
[DEBUG] copying /Users/carlo/workspace/titanium/MapsV2Sample/Resources/android/images/res-long-land-ldpi/default.png splash screen to /Users/carlo/workspace/titanium/MapsV2Sample/build/android/res/drawable-long-land-ldpi/background.png
[DEBUG] found drawable-long-port-hdpi splash screen at /Users/carlo/workspace/titanium/MapsV2Sample/Resources/android/images/res-long-port-hdpi/default.png
[DEBUG] copying /Users/carlo/workspace/titanium/MapsV2Sample/Resources/android/images/res-long-port-hdpi/default.png splash screen to /Users/carlo/workspace/titanium/MapsV2Sample/build/android/res/drawable-long-port-hdpi/background.png
[DEBUG] found drawable-long-port-ldpi splash screen at /Users/carlo/workspace/titanium/MapsV2Sample/Resources/android/images/res-long-port-ldpi/default.png
[DEBUG] copying /Users/carlo/workspace/titanium/MapsV2Sample/Resources/android/images/res-long-port-ldpi/default.png splash screen to /Users/carlo/workspace/titanium/MapsV2Sample/build/android/res/drawable-long-port-ldpi/background.png
[DEBUG] found drawable-notlong-land-hdpi splash screen at /Users/carlo/workspace/titanium/MapsV2Sample/Resources/android/images/res-notlong-land-hdpi/default.png
[DEBUG] copying /Users/carlo/workspace/titanium/MapsV2Sample/Resources/android/images/res-notlong-land-hdpi/default.png splash screen to /Users/carlo/workspace/titanium/MapsV2Sample/build/android/res/drawable-notlong-land-hdpi/background.png
[DEBUG] found drawable-notlong-land-ldpi splash screen at /Users/carlo/workspace/titanium/MapsV2Sample/Resources/android/images/res-notlong-land-ldpi/default.png
[DEBUG] copying /Users/carlo/workspace/titanium/MapsV2Sample/Resources/android/images/res-notlong-land-ldpi/default.png splash screen to /Users/carlo/workspace/titanium/MapsV2Sample/build/android/res/drawable-notlong-land-ldpi/background.png
[DEBUG] found drawable-notlong-land-mdpi splash screen at /Users/carlo/workspace/titanium/MapsV2Sample/Resources/android/images/res-notlong-land-mdpi/default.png
[DEBUG] copying /Users/carlo/workspace/titanium/MapsV2Sample/Resources/android/images/res-notlong-land-mdpi/default.png splash screen to /Users/carlo/workspace/titanium/MapsV2Sample/build/android/res/drawable-notlong-land-mdpi/background.png
[DEBUG] found drawable-notlong-port-hdpi splash screen at /Users/carlo/workspace/titanium/MapsV2Sample/Resources/android/images/res-notlong-port-hdpi/default.png
[DEBUG] copying /Users/carlo/workspace/titanium/MapsV2Sample/Resources/android/images/res-notlong-port-hdpi/default.png splash screen to /Users/carlo/workspace/titanium/MapsV2Sample/build/android/res/drawable-notlong-port-hdpi/background.png
[DEBUG] found drawable-notlong-port-ldpi splash screen at /Users/carlo/workspace/titanium/MapsV2Sample/Resources/android/images/res-notlong-port-ldpi/default.png
[DEBUG] copying /Users/carlo/workspace/titanium/MapsV2Sample/Resources/android/images/res-notlong-port-ldpi/default.png splash screen to /Users/carlo/workspace/titanium/MapsV2Sample/build/android/res/drawable-notlong-port-ldpi/background.png
[DEBUG] found drawable-notlong-port-mdpi splash screen at /Users/carlo/workspace/titanium/MapsV2Sample/Resources/android/images/res-notlong-port-mdpi/default.png
[DEBUG] copying /Users/carlo/workspace/titanium/MapsV2Sample/Resources/android/images/res-notlong-port-mdpi/default.png splash screen to /Users/carlo/workspace/titanium/MapsV2Sample/build/android/res/drawable-notlong-port-mdpi/background.png
[DEBUG] found splash screen at /Users/carlo/workspace/titanium/MapsV2Sample/build/android/bin/assets/Resources/default.png
[TRACE] Writing out AndroidManifest.xml
[DEBUG] adding /Users/carlo/workspace/titanium/MapsV2Sample/build/android/gen/org/kaithe/titanium/mapsv2sample/Manifest.java to javac build list
[DEBUG] adding /Users/carlo/workspace/titanium/MapsV2Sample/build/android/gen/org/kaithe/titanium/mapsv2sample/Mapsv2sampleActivity.java to javac build list
[DEBUG] adding /Users/carlo/workspace/titanium/MapsV2Sample/build/android/gen/org/kaithe/titanium/mapsv2sample/Mapsv2sampleAppInfo.java to javac build list
[DEBUG] adding /Users/carlo/workspace/titanium/MapsV2Sample/build/android/gen/org/kaithe/titanium/mapsv2sample/Mapsv2sampleApplication.java to javac build list
[DEBUG] adding /Users/carlo/workspace/titanium/MapsV2Sample/build/android/gen/org/kaithe/titanium/mapsv2sample/R.java to javac build list
[DEBUG] Building Java Sources: "/Users/carlo/workspace/titanium/MapsV2Sample/build/android/gen/org/kaithe/titanium/mapsv2sample/Manifest.java" "/Users/carlo/workspace/titanium/MapsV2Sample/build/android/gen/org/kaithe/titanium/mapsv2sample/Mapsv2sampleActivity.java" "/Users/carlo/workspace/titanium/MapsV2Sample/build/android/gen/org/kaithe/titanium/mapsv2sample/Mapsv2sampleAppInfo.java" "/Users/carlo/workspace/titanium/MapsV2Sample/build/android/gen/org/kaithe/titanium/mapsv2sample/Mapsv2sampleApplication.java" "/Users/carlo/workspace/titanium/MapsV2Sample/build/android/gen/org/kaithe/titanium/mapsv2sample/R.java"
[INFO] Compiling Android Resources... This could take some time
[DEBUG] Android classes.dex built
[DEBUG] creating unsigned apk: /Users/carlo/workspace/titanium/MapsV2Sample/build/android/bin/app-unsigned.apk
[DEBUG] from resource zip => assets/Resources/alloy/controllers/BaseController.js
[DEBUG] from resource zip => assets/Resources/alloy/controllers/index.js
[DEBUG] from resource zip => assets/Resources/alloy/sync/localStorage.js
[DEBUG] from resource zip => assets/Resources/alloy/sync/properties.js
[DEBUG] from resource zip => assets/Resources/alloy/sync/sql.js
[DEBUG] from resource zip => assets/Resources/alloy/sync/util.js
[DEBUG] from resource zip => assets/Resources/alloy/CFG.js
[DEBUG] from resource zip => assets/Resources/alloy/backbone.js
[DEBUG] from resource zip => assets/Resources/alloy/underscore.js
[DEBUG] from resource zip => assets/Resources/alloy/widget.js
[DEBUG] from resource zip => assets/Resources/alloy.js
[DEBUG] from resource zip => assets/Resources/app.js
[DEBUG] from resource zip => assets/Resources/appicon.png
[DEBUG] from resource zip => assets/Resources/default.png
[DEBUG] from resource zip => assets/app.json
[DEBUG] from resource zip => assets/index.json
[DEBUG] from resource zip => assets/tiapp.xml
[DEBUG] from resource zip => res/drawable/appicon.png
[DEBUG] from resource zip => res/drawable/background.png
[DEBUG] from resource zip => res/drawable/btn_check_buttonless_on_64.png
[DEBUG] from resource zip => res/drawable/btn_more_64.png
[DEBUG] from resource zip => res/drawable/disclosure_64.png
[DEBUG] from resource zip => res/layout/titanium_tabgroup.xml
[DEBUG] from resource zip => res/layout/titanium_ui_list_header_or_footer.xml
[DEBUG] from resource zip => res/layout/titanium_ui_list_item.xml
[DEBUG] from resource zip => AndroidManifest.xml
[DEBUG] from resource zip => resources.arsc
[DEBUG] from resource zip => res/drawable-long-land-hdpi/background.png
[DEBUG] from resource zip => res/drawable-long-land-ldpi/background.png
[DEBUG] from resource zip => res/drawable-long-port-hdpi/background.png
[DEBUG] from resource zip => res/drawable-long-port-ldpi/background.png
[DEBUG] from resource zip => res/drawable-notlong-land-hdpi/background.png
[DEBUG] from resource zip => res/drawable-notlong-land-ldpi/background.png
[DEBUG] from resource zip => res/drawable-notlong-land-mdpi/background.png
[DEBUG] from resource zip => res/drawable-notlong-port-hdpi/background.png
[DEBUG] from resource zip => res/drawable-notlong-port-ldpi/background.png
[DEBUG] from resource zip => res/drawable-notlong-port-mdpi/background.png
[DEBUG] from JAR /Users/carlo/Library/Application Support/Titanium/mobilesdk/osx/3.1.0.GA/android/modules/titanium-ui.jar => ti/modules/titanium/ui/widget/webview/binding.js
[DEBUG] from JAR /Users/carlo/Library/Application Support/Titanium/mobilesdk/osx/3.1.0.GA/android/modules/titanium-ui.jar => ti/modules/titanium/ui/widget/webview/binding.min.js
[DEBUG] from JAR /Users/carlo/Library/Application Support/Titanium/mobilesdk/osx/3.1.0.GA/android/modules/titanium-ui.jar => ti/modules/titanium/ui/widget/webview/json2.js
[DEBUG] from JAR /Users/carlo/Library/Application Support/Titanium/mobilesdk/osx/3.1.0.GA/android/modules/titanium-ui.jar => ti/modules/titanium/ui/widget/webview/polling.js
[DEBUG] from JAR /Users/carlo/Library/Application Support/Titanium/mobilesdk/osx/3.1.0.GA/android/modules/titanium-ui.jar => ti/modules/titanium/ui/widget/webview/polling.min.js
[DEBUG] from JAR /Users/carlo/Library/Application Support/Titanium/mobilesdk/osx/3.1.0.GA/android/titanium.jar => org/appcelerator/titanium/build.properties
[DEBUG] from JAR /Users/carlo/Library/Application Support/Titanium/mobilesdk/osx/3.1.0.GA/android/titanium.jar => org/appcelerator/titanium/res/drawable/background.png
[DEBUG] from JAR /Users/carlo/Library/Application Support/Titanium/mobilesdk/osx/3.1.0.GA/android/titanium.jar => org/appcelerator/titanium/res/drawable/btn_check_buttonless_on.png
[DEBUG] from JAR /Users/carlo/Library/Application Support/Titanium/mobilesdk/osx/3.1.0.GA/android/titanium.jar => org/appcelerator/titanium/res/drawable/btn_check_buttonless_on_18.png
[DEBUG] from JAR /Users/carlo/Library/Application Support/Titanium/mobilesdk/osx/3.1.0.GA/android/titanium.jar => org/appcelerator/titanium/res/drawable/btn_check_buttonless_on_48.png
[DEBUG] from JAR /Users/carlo/Library/Application Support/Titanium/mobilesdk/osx/3.1.0.GA/android/titanium.jar => org/appcelerator/titanium/res/drawable/btn_check_buttonless_on_64.png
[DEBUG] from JAR /Users/carlo/Library/Application Support/Titanium/mobilesdk/osx/3.1.0.GA/android/titanium.jar => org/appcelerator/titanium/res/drawable/btn_more.png
[DEBUG] from JAR /Users/carlo/Library/Application Support/Titanium/mobilesdk/osx/3.1.0.GA/android/titanium.jar => org/appcelerator/titanium/res/drawable/btn_more_18.png
[DEBUG] from JAR /Users/carlo/Library/Application Support/Titanium/mobilesdk/osx/3.1.0.GA/android/titanium.jar => org/appcelerator/titanium/res/drawable/btn_more_48.png
[DEBUG] from JAR /Users/carlo/Library/Application Support/Titanium/mobilesdk/osx/3.1.0.GA/android/titanium.jar => org/appcelerator/titanium/res/drawable/btn_more_64.png
[DEBUG] from JAR /Users/carlo/Library/Application Support/Titanium/mobilesdk/osx/3.1.0.GA/android/titanium.jar => org/appcelerator/titanium/res/drawable/btn_picker_normal.9.png
[DEBUG] from JAR /Users/carlo/Library/Application Support/Titanium/mobilesdk/osx/3.1.0.GA/android/titanium.jar => org/appcelerator/titanium/res/drawable/btn_picker_pressed.9.png
[DEBUG] from JAR /Users/carlo/Library/Application Support/Titanium/mobilesdk/osx/3.1.0.GA/android/titanium.jar => org/appcelerator/titanium/res/drawable/btn_picker_selected.9.png
[DEBUG] from JAR /Users/carlo/Library/Application Support/Titanium/mobilesdk/osx/3.1.0.GA/android/titanium.jar => org/appcelerator/titanium/res/drawable/default_icon.png
[DEBUG] from JAR /Users/carlo/Library/Application Support/Titanium/mobilesdk/osx/3.1.0.GA/android/titanium.jar => org/appcelerator/titanium/res/drawable/photoDefault.png
[DEBUG] installing native lib: /Users/carlo/workspace/titanium/MapsV2Sample/modules/android/ti.map/2.1.0/libs/armeabi/libti.map.so
[DEBUG] installing native lib: /Users/carlo/workspace/titanium/MapsV2Sample/modules/android/ti.map/2.1.0/libs/armeabi-v7a/libti.map.so
[DEBUG] installing native lib: /Users/carlo/workspace/titanium/MapsV2Sample/modules/android/ti.map/2.1.0/libs/x86/libti.map.so
[DEBUG] installing native SDK libs
[DEBUG] Waiting for device to be ready ...
[TRACE] adb devices returned 1 devices/emulators
[DEBUG] Device connected... (waited 0 seconds)
[DEBUG] waited 0.016989 seconds on emulator to get ready
[INFO] Installing application on device
[INFO] Application installed. Launch from drawer on Home Screen
